<?xml version="1.0" encoding="UTF-8"?>
<!-- Generated by org.testng.reporters.JUnitReportReporter -->
<testsuite hostname="LTIN425663" failures="0" tests="1" name="com.testrunner.TrainBookingTest" time="10.052" errors="0" timestamp="2023-09-17T02:27:05 IST" skipped="0">
  <testcase classname="com.testrunner.TrainBookingTest" name="srcAnddestSettingTest" time="10.052"/>
</testsuite> <!-- com.testrunner.TrainBookingTest -->
