<?xml version="1.0" encoding="UTF-8"?>
<!-- Generated by org.testng.reporters.JUnitReportReporter -->
<testsuite hostname="LTIN425663" failures="0" tests="3" name="com.testrunner.HomePageTest" time="12.320" errors="0" timestamp="2023-09-14T15:30:50 IST" skipped="0">
  <testcase classname="com.testrunner.HomePageTest" name="EnteringDetailsTest" time="3.269"/>
  <testcase classname="com.testrunner.HomePageTest" name="CheapestFlightTest" time="5.668"/>
  <testcase classname="com.testrunner.HomePageTest" name="BookingFlightTest" time="3.383"/>
</testsuite> <!-- com.testrunner.HomePageTest -->
