<?xml version="1.0" encoding="UTF-8"?>
<!-- Generated by org.testng.reporters.JUnitReportReporter -->
<testsuite hostname="LTIN425663" failures="0" tests="1" name="com.testrunner.OffersPageTest" time="4.311" errors="0" timestamp="2023-09-17T02:27:05 IST" skipped="0">
  <testcase classname="com.testrunner.OffersPageTest" name="OfferDetailsTest" time="4.311"/>
</testsuite> <!-- com.testrunner.OffersPageTest -->
