<?xml version="1.0" encoding="UTF-8"?>
<!-- Generated by org.testng.reporters.JUnitReportReporter -->
<testsuite hostname="LTIN425663" failures="0" tests="3" name="com.testrunner.HomePageTest" time="17.222" errors="0" timestamp="2023-09-17T02:27:05 IST" skipped="0">
  <testcase classname="com.testrunner.HomePageTest" name="BookingFlightTest" time="5.453"/>
  <testcase classname="com.testrunner.HomePageTest" name="CheapestFlightTest" time="7.893"/>
  <testcase classname="com.testrunner.HomePageTest" name="EnteringDetailsTest" time="3.876"/>
</testsuite> <!-- com.testrunner.HomePageTest -->
