<?xml version="1.0" encoding="UTF-8"?>
<!-- Generated by org.testng.reporters.JUnitReportReporter -->
<testsuite hostname="LTIN425663" failures="0" tests="1" name="com.testrunner.LoginTest" time="11.287" errors="0" timestamp="2023-09-13T10:12:56 IST" skipped="0">
  <testcase classname="com.testrunner.LoginTest" name="clickOnLogin" time="11.287"/>
</testsuite> <!-- com.testrunner.LoginTest -->
