<?xml version="1.0" encoding="UTF-8"?>
<!-- Generated by org.testng.reporters.JUnitReportReporter -->
<testsuite hostname="LTIN425663" failures="0" tests="3" name="com.testrunner.HomePageTest" time="37.880" errors="0" timestamp="2023-09-12T14:28:07 IST" skipped="0">
  <testcase classname="com.testrunner.HomePageTest" name="test1" time="7.161"/>
  <testcase classname="com.testrunner.HomePageTest" name="test2" time="20.469"/>
  <testcase classname="com.testrunner.HomePageTest" name="test3" time="10.250"/>
</testsuite> <!-- com.testrunner.HomePageTest -->
