<?xml version="1.0" encoding="UTF-8"?>
<!-- Generated by org.testng.reporters.JUnitReportReporter -->
<<<<<<< HEAD
<testsuite hostname="LTIN425663" failures="0" tests="1" name="com.testrunner.CustomerServicePageTest" time="2.835" errors="0" timestamp="2023-09-17T02:15:04 IST" skipped="0">
  <testcase classname="com.testrunner.CustomerServicePageTest" name="VerifyService" time="2.835"/>
=======
<testsuite hostname="Rahul" failures="0" tests="1" name="com.testrunner.CustomerServicePageTest" time="0.000" errors="0" timestamp="2023-09-17T02:03:35 IST" skipped="1">
  <testcase classname="com.testrunner.CustomerServicePageTest" name="VerifyService" time="0.000">
    <skipped/>
  </testcase> <!-- VerifyService -->
>>>>>>> ba697b32f1dc4b1ec6cd1798a35bf0d4f1ab631e
</testsuite> <!-- com.testrunner.CustomerServicePageTest -->
