<?xml version="1.0" encoding="UTF-8"?>
<!-- Generated by org.testng.reporters.JUnitReportReporter -->
<testsuite hostname="LTIN425663" failures="0" tests="3" name="com.testrunner.HomePageTest" time="14.809" errors="0" timestamp="2023-09-14T17:22:57 IST" skipped="0">
  <testcase classname="com.testrunner.HomePageTest" name="BookingFlightTest" time="3.632"/>
  <testcase classname="com.testrunner.HomePageTest" name="EnteringDetailsTest" time="3.396"/>
  <testcase classname="com.testrunner.HomePageTest" name="CheapestFlightTest" time="7.781"/>
</testsuite> <!-- com.testrunner.HomePageTest -->
