<?xml version="1.0" encoding="UTF-8"?>
<!-- Generated by org.testng.reporters.JUnitReportReporter -->
<testsuite hostname="LTIN425663" failures="0" tests="1" name="com.testrunner.CustomerServicePageTest" time="4.093" errors="0" timestamp="2023-09-14T22:17:43 IST" skipped="0">
  <testcase classname="com.testrunner.CustomerServicePageTest" name="VerifyService" time="4.093"/>
</testsuite> <!-- com.testrunner.CustomerServicePageTest -->
