<?xml version="1.0" encoding="UTF-8"?>
<!-- Generated by org.testng.reporters.JUnitReportReporter -->
<testsuite hostname="LTIN425663" failures="0" tests="3" name="com.testrunner.HomePageTest" time="53.433" errors="0" timestamp="2023-09-13T10:59:07 IST" skipped="0">
  <testcase classname="com.testrunner.HomePageTest" name="test1" time="3.301"/>
  <testcase classname="com.testrunner.HomePageTest" name="test2" time="14.719"/>
  <testcase classname="com.testrunner.HomePageTest" name="test3" time="35.413"/>
</testsuite> <!-- com.testrunner.HomePageTest -->
