<?xml version="1.0" encoding="UTF-8"?>
<!-- Generated by org.testng.reporters.JUnitReportReporter -->
<testsuite hostname="LTIN425663" failures="0" tests="3" name="com.testrunner.HomePageTest" time="23.823" errors="0" timestamp="2023-09-14T15:36:54 IST" skipped="0">
  <testcase classname="com.testrunner.HomePageTest" name="EnteringDetailsTest" time="4.010"/>
  <testcase classname="com.testrunner.HomePageTest" name="CheapestFlightTest" time="16.045"/>
  <testcase classname="com.testrunner.HomePageTest" name="BookingFlightTest" time="3.768"/>
</testsuite> <!-- com.testrunner.HomePageTest -->
