<?xml version="1.0" encoding="UTF-8"?>
<!-- Generated by org.testng.reporters.JUnitReportReporter -->
<testsuite hostname="Rahul" failures="0" tests="1" name="com.testrunner.OffersPageTest" time="0.000" errors="0" timestamp="2023-09-17T02:03:35 IST" skipped="1">
  <testcase classname="com.testrunner.OffersPageTest" name="OfferDetailsTest" time="0.000">
    <skipped/>
  </testcase> <!-- OfferDetailsTest -->
</testsuite> <!-- com.testrunner.OffersPageTest -->
