<?xml version="1.0" encoding="UTF-8"?>
<!-- Generated by org.testng.reporters.JUnitReportReporter -->
<testsuite hostname="LTIN425663" failures="0" tests="1" name="com.testrunner.HomePageTest" time="5.219" errors="0" timestamp="2023-09-11T14:58:01 IST" skipped="0">
  <testcase classname="com.testrunner.HomePageTest" name="test1" time="5.219"/>
</testsuite> <!-- com.testrunner.HomePageTest -->
